# Nmap 7.92 scan initiated Mon Nov  6 22:00:13 2023 as: nmap -sC -sV -A -p 80,135,139,445,3389,49663,49667,49669 -o nmap.log 10.10.191.233
Nmap scan report for 10.10.191.233
Host is up (0.18s latency).

PORT      STATE SERVICE       VERSION
80/tcp    open  http          Microsoft IIS httpd 10.0
|_http-server-header: Microsoft-IIS/10.0
|_http-title: IIS Windows Server
| http-methods: 
|_  Potentially risky methods: TRACE
135/tcp   open  msrpc         Microsoft Windows RPC
139/tcp   open  netbios-ssn   Microsoft Windows netbios-ssn
445/tcp   open  microsoft-ds  Windows Server 2016 Standard Evaluation 14393 microsoft-ds
3389/tcp  open  ms-wbt-server Microsoft Terminal Services
|_ssl-date: 2023-11-06T16:31:55+00:00; 0s from scanner time.
| ssl-cert: Subject: commonName=Relevant
| Not valid before: 2023-11-05T16:28:21
|_Not valid after:  2024-05-06T16:28:21
| rdp-ntlm-info: 
|   Target_Name: RELEVANT
|   NetBIOS_Domain_Name: RELEVANT
|   NetBIOS_Computer_Name: RELEVANT
|   DNS_Domain_Name: Relevant
|   DNS_Computer_Name: Relevant
|   Product_Version: 10.0.14393
|_  System_Time: 2023-11-06T16:31:17+00:00
49663/tcp open  http          Microsoft IIS httpd 10.0
|_http-server-header: Microsoft-IIS/10.0
|_http-title: IIS Windows Server
| http-methods: 
|_  Potentially risky methods: TRACE
49667/tcp open  msrpc         Microsoft Windows RPC
49669/tcp open  msrpc         Microsoft Windows RPC
Service Info: OSs: Windows, Windows Server 2008 R2 - 2012; CPE: cpe:/o:microsoft:windows

Host script results:
|_clock-skew: mean: 1h36m01s, deviation: 3h34m42s, median: 0s
| smb-security-mode: 
|   account_used: guest
|   authentication_level: user
|   challenge_response: supported
|_  message_signing: disabled (dangerous, but default)
| smb2-security-mode: 
|   3.1.1: 
|_    Message signing enabled but not required
| smb2-time: 
|   date: 2023-11-06T16:31:19
|_  start_date: 2023-11-06T16:29:14
| smb-os-discovery: 
|   OS: Windows Server 2016 Standard Evaluation 14393 (Windows Server 2016 Standard Evaluation 6.3)
|   Computer name: Relevant
|   NetBIOS computer name: RELEVANT\x00
|   Workgroup: WORKGROUP\x00
|_  System time: 2023-11-06T08:31:19-08:00

Service detection performed. Please report any incorrect results at https://nmap.org/submit/ .
# Nmap done at Mon Nov  6 22:01:56 2023 -- 1 IP address (1 host up) scanned in 102.66 seconds
